2026-02-03T05:21:53.335118Z 0 [System] [MY-015017] [Server] MySQL Server Initialization - start.
2026-02-03T05:21:53.336293Z 0 [System] [MY-013169] [Server] /usr/sbin/mysqld (mysqld 9.5.0) initializing of server in progress as process 81
2026-02-03T05:21:53.340994Z 1 [System] [MY-013576] [InnoDB] InnoDB initialization has started.
2026-02-03T05:22:02.590689Z 1 [System] [MY-013577] [InnoDB] InnoDB initialization has ended.
2026-02-03T05:22:03.151416Z 6 [Warning] [MY-010453] [Server] root@localhost is created with an empty password ! Please consider switching off the --initialize-insecure option.
2026-02-03T05:22:04.396747Z 0 [System] [MY-015018] [Server] MySQL Server Initialization - end.
2026-02-03T05:22:04.428116Z 0 [System] [MY-015015] [Server] MySQL Server - start.
2026-02-03T05:22:04.646209Z 0 [System] [MY-010116] [Server] /usr/sbin/mysqld (mysqld 9.5.0) starting as process 124
2026-02-03T05:22:04.646230Z 0 [System] [MY-015590] [Server] MySQL Server has access to 8 logical CPUs.
2026-02-03T05:22:04.646247Z 0 [System] [MY-015590] [Server] MySQL Server has access to 5906030592 bytes of physical memory.
2026-02-03T05:22:04.655296Z 1 [System] [MY-013576] [InnoDB] InnoDB initialization has started.
2026-02-03T05:22:04.802168Z 1 [System] [MY-013577] [InnoDB] InnoDB initialization has ended.
2026-02-03T05:22:04.990576Z 0 [Warning] [MY-010068] [Server] CA certificate ca.pem is self signed.
2026-02-03T05:22:04.990599Z 0 [System] [MY-013602] [Server] Channel mysql_main configured to support TLS. Encrypted connections are now supported for this channel.
2026-02-03T05:22:04.991900Z 0 [Warning] [MY-011810] [Server] Insecure configuration for --pid-file: Location '/var/run/mysqld' in the path is accessible to all OS users. Consider choosing a different directory.
2026-02-03T05:22:05.008336Z 0 [System] [MY-011323] [Server] X Plugin ready for connections. Socket: /var/run/mysqld/mysqlx.sock
2026-02-03T05:22:05.008414Z 0 [System] [MY-010931] [Server] /usr/sbin/mysqld: ready for connections. Version: '9.5.0'  socket: '/var/run/mysqld/mysqld.sock'  port: 0  MySQL Community Server - GPL.
2026-02-03T05:22:06.164594Z 11 [System] [MY-013172] [Server] Received SHUTDOWN from user root. Shutting down mysqld (Version: 9.5.0).
2026-02-03T05:22:07.422510Z 0 [System] [MY-010910] [Server] /usr/sbin/mysqld: Shutdown complete (mysqld 9.5.0)  MySQL Community Server - GPL.
2026-02-03T05:22:07.422525Z 0 [System] [MY-015016] [Server] MySQL Server - end.
2026-02-03T05:22:08.179206Z 0 [System] [MY-015015] [Server] MySQL Server - start.
2026-02-03T05:22:08.366358Z 0 [System] [MY-010116] [Server] /usr/sbin/mysqld (mysqld 9.5.0) starting as process 1
2026-02-03T05:22:08.366381Z 0 [System] [MY-015590] [Server] MySQL Server has access to 8 logical CPUs.
2026-02-03T05:22:08.366397Z 0 [System] [MY-015590] [Server] MySQL Server has access to 5906030592 bytes of physical memory.
2026-02-03T05:22:08.370436Z 1 [System] [MY-013576] [InnoDB] InnoDB initialization has started.
2026-02-03T05:22:08.491638Z 1 [System] [MY-013577] [InnoDB] InnoDB initialization has ended.
2026-02-03T05:22:08.640694Z 0 [Warning] [MY-010068] [Server] CA certificate ca.pem is self signed.
2026-02-03T05:22:08.640717Z 0 [System] [MY-013602] [Server] Channel mysql_main configured to support TLS. Encrypted connections are now supported for this channel.
2026-02-03T05:22:08.641767Z 0 [Warning] [MY-011810] [Server] Insecure configuration for --pid-file: Location '/var/run/mysqld' in the path is accessible to all OS users. Consider choosing a different directory.
2026-02-03T05:22:08.656407Z 0 [System] [MY-011323] [Server] X Plugin ready for connections. Bind-address: '::' port: 33060, socket: /var/run/mysqld/mysqlx.sock
2026-02-03T05:22:08.656490Z 0 [System] [MY-010931] [Server] /usr/sbin/mysqld: ready for connections. Version: '9.5.0'  socket: '/var/run/mysqld/mysqld.sock'  port: 3306  MySQL Community Server - GPL.
2026-02-03T05:23:45.938463Z 0 [System] [MY-013172] [Server] Received SHUTDOWN from user <via user signal>. Shutting down mysqld (Version: 9.5.0).
2026-02-03T05:23:47.105559Z 0 [System] [MY-010910] [Server] /usr/sbin/mysqld: Shutdown complete (mysqld 9.5.0)  MySQL Community Server - GPL.
2026-02-03T05:23:47.105587Z 0 [System] [MY-015016] [Server] MySQL Server - end.
2026-02-03T05:23:52.394215Z 0 [System] [MY-015015] [Server] MySQL Server - start.
2026-02-03T05:23:52.581684Z 0 [System] [MY-010116] [Server] /usr/sbin/mysqld (mysqld 9.5.0) starting as process 1
2026-02-03T05:23:52.581709Z 0 [System] [MY-015590] [Server] MySQL Server has access to 8 logical CPUs.
2026-02-03T05:23:52.581725Z 0 [System] [MY-015590] [Server] MySQL Server has access to 5906030592 bytes of physical memory.
2026-02-03T05:23:52.588733Z 1 [System] [MY-013576] [InnoDB] InnoDB initialization has started.
2026-02-03T05:23:52.710320Z 1 [System] [MY-013577] [InnoDB] InnoDB initialization has ended.
2026-02-03T05:23:52.877482Z 0 [Warning] [MY-010068] [Server] CA certificate ca.pem is self signed.
2026-02-03T05:23:52.877511Z 0 [System] [MY-013602] [Server] Channel mysql_main configured to support TLS. Encrypted connections are now supported for this channel.
2026-02-03T05:23:52.879474Z 0 [Warning] [MY-011810] [Server] Insecure configuration for --pid-file: Location '/var/run/mysqld' in the path is accessible to all OS users. Consider choosing a different directory.
2026-02-03T05:23:52.898144Z 0 [System] [MY-011323] [Server] X Plugin ready for connections. Bind-address: '::' port: 33060, socket: /var/run/mysqld/mysqlx.sock
2026-02-03T05:23:52.898174Z 0 [System] [MY-010931] [Server] /usr/sbin/mysqld: ready for connections. Version: '9.5.0'  socket: '/var/run/mysqld/mysqld.sock'  port: 3306  MySQL Community Server - GPL.
2026-02-03T06:29:16.826354Z 0 [System] [MY-013172] [Server] Received SHUTDOWN from user <via user signal>. Shutting down mysqld (Version: 9.5.0).
2026-02-03T06:29:19.262971Z 0 [System] [MY-010910] [Server] /usr/sbin/mysqld: Shutdown complete (mysqld 9.5.0)  MySQL Community Server - GPL.
2026-02-03T06:29:19.263029Z 0 [System] [MY-015016] [Server] MySQL Server - end.
2026-02-03T07:00:51.920380Z 0 [System] [MY-015015] [Server] MySQL Server - start.
2026-02-03T07:00:52.133338Z 0 [System] [MY-010116] [Server] /usr/sbin/mysqld (mysqld 9.5.0) starting as process 1
2026-02-03T07:00:52.133379Z 0 [System] [MY-015590] [Server] MySQL Server has access to 8 logical CPUs.
2026-02-03T07:00:52.133397Z 0 [System] [MY-015590] [Server] MySQL Server has access to 5906030592 bytes of physical memory.
2026-02-03T07:00:52.164204Z 1 [System] [MY-013576] [InnoDB] InnoDB initialization has started.
2026-02-03T07:00:52.390156Z 1 [System] [MY-013577] [InnoDB] InnoDB initialization has ended.
2026-02-03T07:00:52.627376Z 0 [Warning] [MY-010068] [Server] CA certificate ca.pem is self signed.
2026-02-03T07:00:52.627408Z 0 [System] [MY-013602] [Server] Channel mysql_main configured to support TLS. Encrypted connections are now supported for this channel.
2026-02-03T07:00:52.629642Z 0 [Warning] [MY-011810] [Server] Insecure configuration for --pid-file: Location '/var/run/mysqld' in the path is accessible to all OS users. Consider choosing a different directory.
2026-02-03T07:00:52.672862Z 0 [System] [MY-011323] [Server] X Plugin ready for connections. Bind-address: '::' port: 33060, socket: /var/run/mysqld/mysqlx.sock
2026-02-03T07:00:52.672898Z 0 [System] [MY-010931] [Server] /usr/sbin/mysqld: ready for connections. Version: '9.5.0'  socket: '/var/run/mysqld/mysqld.sock'  port: 3306  MySQL Community Server - GPL.
2026-02-03T11:51:27.399970Z 0 [System] [MY-013172] [Server] Received SHUTDOWN from user <via user signal>. Shutting down mysqld (Version: 9.5.0).
2026-02-03T11:51:30.090663Z 0 [Warning] [MY-010909] [Server] /usr/sbin/mysqld: Forcing close of thread 1848  user: 'root'.
2026-02-03T11:51:30.091639Z 0 [Warning] [MY-010909] [Server] /usr/sbin/mysqld: Forcing close of thread 1849  user: 'root'.
2026-02-03T11:51:30.091724Z 0 [Warning] [MY-010909] [Server] /usr/sbin/mysqld: Forcing close of thread 1842  user: 'root'.
2026-02-03T11:51:30.093197Z 0 [Warning] [MY-010909] [Server] /usr/sbin/mysqld: Forcing close of thread 1850  user: 'root'.
2026-02-03T11:51:30.093303Z 0 [Warning] [MY-010909] [Server] /usr/sbin/mysqld: Forcing close of thread 1843  user: 'root'.
2026-02-03T11:51:30.094125Z 0 [Warning] [MY-010909] [Server] /usr/sbin/mysqld: Forcing close of thread 1851  user: 'root'.
2026-02-03T11:51:30.094225Z 0 [Warning] [MY-010909] [Server] /usr/sbin/mysqld: Forcing close of thread 1844  user: 'root'.
2026-02-03T11:51:30.094409Z 0 [Warning] [MY-010909] [Server] /usr/sbin/mysqld: Forcing close of thread 1845  user: 'root'.
2026-02-03T11:51:30.094507Z 0 [Warning] [MY-010909] [Server] /usr/sbin/mysqld: Forcing close of thread 1846  user: 'root'.
2026-02-03T11:51:30.094926Z 0 [Warning] [MY-010909] [Server] /usr/sbin/mysqld: Forcing close of thread 1847  user: 'root'.
2026-02-03T11:51:32.787402Z 0 [System] [MY-010910] [Server] /usr/sbin/mysqld: Shutdown complete (mysqld 9.5.0)  MySQL Community Server - GPL.
2026-02-03T11:51:32.788871Z 0 [System] [MY-015016] [Server] MySQL Server - end.
2026-02-03T11:52:23.052394Z 0 [System] [MY-015015] [Server] MySQL Server - start.
2026-02-03T11:52:23.265219Z 0 [System] [MY-010116] [Server] /usr/sbin/mysqld (mysqld 9.5.0) starting as process 1
2026-02-03T11:52:23.265283Z 0 [System] [MY-015590] [Server] MySQL Server has access to 8 logical CPUs.
2026-02-03T11:52:23.265307Z 0 [System] [MY-015590] [Server] MySQL Server has access to 5906030592 bytes of physical memory.
2026-02-03T11:52:23.301281Z 1 [System] [MY-013576] [InnoDB] InnoDB initialization has started.
2026-02-03T11:52:23.579585Z 1 [System] [MY-013577] [InnoDB] InnoDB initialization has ended.
2026-02-03T11:52:23.950958Z 0 [Warning] [MY-010068] [Server] CA certificate ca.pem is self signed.
2026-02-03T11:52:23.950995Z 0 [System] [MY-013602] [Server] Channel mysql_main configured to support TLS. Encrypted connections are now supported for this channel.
2026-02-03T11:52:23.956143Z 0 [Warning] [MY-011810] [Server] Insecure configuration for --pid-file: Location '/var/run/mysqld' in the path is accessible to all OS users. Consider choosing a different directory.
2026-02-03T11:52:24.003066Z 0 [System] [MY-011323] [Server] X Plugin ready for connections. Bind-address: '::' port: 33060, socket: /var/run/mysqld/mysqlx.sock
2026-02-03T11:52:24.003077Z 0 [System] [MY-010931] [Server] /usr/sbin/mysqld: ready for connections. Version: '9.5.0'  socket: '/var/run/mysqld/mysqld.sock'  port: 3306  MySQL Community Server - GPL.
2026-02-03T11:54:18.398534Z 0 [System] [MY-013172] [Server] Received SHUTDOWN from user <via user signal>. Shutting down mysqld (Version: 9.5.0).
2026-02-03T11:54:20.403779Z 0 [Warning] [MY-010909] [Server] /usr/sbin/mysqld: Forcing close of thread 17  user: 'root'.
2026-02-03T11:54:20.404090Z 0 [Warning] [MY-010909] [Server] /usr/sbin/mysqld: Forcing close of thread 9  user: 'root'.
2026-02-03T11:54:20.404224Z 0 [Warning] [MY-010909] [Server] /usr/sbin/mysqld: Forcing close of thread 18  user: 'root'.
2026-02-03T11:54:20.404419Z 0 [Warning] [MY-010909] [Server] /usr/sbin/mysqld: Forcing close of thread 10  user: 'root'.
2026-02-03T11:54:20.404506Z 0 [Warning] [MY-010909] [Server] /usr/sbin/mysqld: Forcing close of thread 11  user: 'root'.
2026-02-03T11:54:20.404671Z 0 [Warning] [MY-010909] [Server] /usr/sbin/mysqld: Forcing close of thread 12  user: 'root'.
2026-02-03T11:54:20.404835Z 0 [Warning] [MY-010909] [Server] /usr/sbin/mysqld: Forcing close of thread 13  user: 'root'.
2026-02-03T11:54:20.405823Z 0 [Warning] [MY-010909] [Server] /usr/sbin/mysqld: Forcing close of thread 14  user: 'root'.
2026-02-03T11:54:20.405998Z 0 [Warning] [MY-010909] [Server] /usr/sbin/mysqld: Forcing close of thread 15  user: 'root'.
2026-02-03T11:54:21.335715Z 0 [System] [MY-010910] [Server] /usr/sbin/mysqld: Shutdown complete (mysqld 9.5.0)  MySQL Community Server - GPL.
2026-02-03T11:54:21.335734Z 0 [System] [MY-015016] [Server] MySQL Server - end.
2026-02-03T11:54:27.773750Z 0 [System] [MY-015015] [Server] MySQL Server - start.
2026-02-03T11:54:28.015185Z 0 [System] [MY-010116] [Server] /usr/sbin/mysqld (mysqld 9.5.0) starting as process 1
2026-02-03T11:54:28.015334Z 0 [System] [MY-015590] [Server] MySQL Server has access to 8 logical CPUs.
2026-02-03T11:54:28.015353Z 0 [System] [MY-015590] [Server] MySQL Server has access to 5906030592 bytes of physical memory.
2026-02-03T11:54:28.021157Z 1 [System] [MY-013576] [InnoDB] InnoDB initialization has started.
2026-02-03T11:54:28.170392Z 1 [System] [MY-013577] [InnoDB] InnoDB initialization has ended.
2026-02-03T11:54:28.359163Z 0 [Warning] [MY-010068] [Server] CA certificate ca.pem is self signed.
2026-02-03T11:54:28.359196Z 0 [System] [MY-013602] [Server] Channel mysql_main configured to support TLS. Encrypted connections are now supported for this channel.
2026-02-03T11:54:28.361478Z 0 [Warning] [MY-011810] [Server] Insecure configuration for --pid-file: Location '/var/run/mysqld' in the path is accessible to all OS users. Consider choosing a different directory.
2026-02-03T11:54:28.391963Z 0 [System] [MY-011323] [Server] X Plugin ready for connections. Bind-address: '::' port: 33060, socket: /var/run/mysqld/mysqlx.sock
2026-02-03T11:54:28.392009Z 0 [System] [MY-010931] [Server] /usr/sbin/mysqld: ready for connections. Version: '9.5.0'  socket: '/var/run/mysqld/mysqld.sock'  port: 3306  MySQL Community Server - GPL.
2026-02-03T12:09:21.463658Z 0 [System] [MY-013172] [Server] Received SHUTDOWN from user <via user signal>. Shutting down mysqld (Version: 9.5.0).
2026-02-03T12:09:21.928027Z 0 [System] [MY-010910] [Server] /usr/sbin/mysqld: Shutdown complete (mysqld 9.5.0)  MySQL Community Server - GPL.
2026-02-03T12:09:21.928052Z 0 [System] [MY-015016] [Server] MySQL Server - end.
2026-02-03T12:09:31.533607Z 0 [System] [MY-015015] [Server] MySQL Server - start.
2026-02-03T12:09:31.913250Z 0 [System] [MY-010116] [Server] /usr/sbin/mysqld (mysqld 9.5.0) starting as process 1
2026-02-03T12:09:31.913275Z 0 [System] [MY-015590] [Server] MySQL Server has access to 8 logical CPUs.
2026-02-03T12:09:31.913291Z 0 [System] [MY-015590] [Server] MySQL Server has access to 5906030592 bytes of physical memory.
2026-02-03T12:09:31.921097Z 1 [System] [MY-013576] [InnoDB] InnoDB initialization has started.
2026-02-03T12:09:32.411321Z 1 [System] [MY-013577] [InnoDB] InnoDB initialization has ended.
2026-02-03T12:09:32.642566Z 0 [Warning] [MY-010068] [Server] CA certificate ca.pem is self signed.
2026-02-03T12:09:32.642668Z 0 [System] [MY-013602] [Server] Channel mysql_main configured to support TLS. Encrypted connections are now supported for this channel.
2026-02-03T12:09:32.643887Z 0 [Warning] [MY-011810] [Server] Insecure configuration for --pid-file: Location '/var/run/mysqld' in the path is accessible to all OS users. Consider choosing a different directory.
2026-02-03T12:09:32.687258Z 0 [System] [MY-011323] [Server] X Plugin ready for connections. Bind-address: '::' port: 33060, socket: /var/run/mysqld/mysqlx.sock
2026-02-03T12:09:32.687870Z 0 [System] [MY-010931] [Server] /usr/sbin/mysqld: ready for connections. Version: '9.5.0'  socket: '/var/run/mysqld/mysqld.sock'  port: 3306  MySQL Community Server - GPL.
2026-02-03T12:11:40.031714Z 0 [System] [MY-013172] [Server] Received SHUTDOWN from user <via user signal>. Shutting down mysqld (Version: 9.5.0).
2026-02-03T12:11:41.214495Z 0 [System] [MY-010910] [Server] /usr/sbin/mysqld: Shutdown complete (mysqld 9.5.0)  MySQL Community Server - GPL.
2026-02-03T12:11:41.214517Z 0 [System] [MY-015016] [Server] MySQL Server - end.
2026-02-03T12:11:45.752459Z 0 [System] [MY-015015] [Server] MySQL Server - start.
2026-02-03T12:11:45.957389Z 0 [System] [MY-010116] [Server] /usr/sbin/mysqld (mysqld 9.5.0) starting as process 1
2026-02-03T12:11:45.957417Z 0 [System] [MY-015590] [Server] MySQL Server has access to 8 logical CPUs.
2026-02-03T12:11:45.957433Z 0 [System] [MY-015590] [Server] MySQL Server has access to 5906030592 bytes of physical memory.
2026-02-03T12:11:45.961858Z 1 [System] [MY-013576] [InnoDB] InnoDB initialization has started.
2026-02-03T12:11:46.102495Z 1 [System] [MY-013577] [InnoDB] InnoDB initialization has ended.
2026-02-03T12:11:46.390495Z 0 [Warning] [MY-010068] [Server] CA certificate ca.pem is self signed.
2026-02-03T12:11:46.390572Z 0 [System] [MY-013602] [Server] Channel mysql_main configured to support TLS. Encrypted connections are now supported for this channel.
2026-02-03T12:11:46.391951Z 0 [Warning] [MY-011810] [Server] Insecure configuration for --pid-file: Location '/var/run/mysqld' in the path is accessible to all OS users. Consider choosing a different directory.
2026-02-03T12:11:46.435208Z 0 [System] [MY-011323] [Server] X Plugin ready for connections. Bind-address: '::' port: 33060, socket: /var/run/mysqld/mysqlx.sock
2026-02-03T12:11:46.435635Z 0 [System] [MY-010931] [Server] /usr/sbin/mysqld: ready for connections. Version: '9.5.0'  socket: '/var/run/mysqld/mysqld.sock'  port: 3306  MySQL Community Server - GPL.
